chdir(/home/huyhoang/.local/share/lunarvim/site/pack/lazy/opt/auto-session/plugin/)
chdir(/home/huyhoang)
line 0: sourcing "/home/huyhoang/.local/share/lunarvim/site/pack/lazy/opt/auto-session/plugin/auto-session.vim"
finished sourcing /home/huyhoang/.local/share/lunarvim/site/pack/lazy/opt/auto-session/plugin/auto-session.vim
continuing in nvim_exec() called at /home/huyhoang/.local/share/lunarvim/lvim/init.lua:0
chdir(/home/huyhoang)
chdir(/home/huyhoang/.local/share/lunarvim/site/pack/lazy/opt/auto-session/lua/)
Executing VimEnter Autocommands for "*"
autocommand lua require("project_nvim.project").on_buf_enter()

Executing VimEnter Autocommands for "*"
autocommand call LuaAutoRestoreSession()

debug:  ==== Pager mode 
chdir(/home/huyhoang)
chdir(/home/huyhoang/.local/share/lunarvim/site/pack/lazy/opt/auto-session/lua/)
chdir(/home/huyhoang)
chdir(/home/huyhoang)
chdir(/home/huyhoang/.local/share/lunarvim/site/pack/lazy/opt/auto-session/lua/)
chdir(/home/huyhoang)
chdir(/home/huyhoang)
chdir(/home/huyhoang/.local/share/lunarvim/site/pack/lazy/opt/auto-session/lua/)
chdir(/home/huyhoang)
chdir(/home/huyhoang)
chdir(/home/huyhoang/.local/share/lunarvim/site/pack/lazy/opt/auto-session/lua/)
chdir(/home/huyhoang)
chdir(/home/huyhoang)
chdir(/home/huyhoang/.local/share/lunarvim/site/pack/lazy/opt/auto-session/lua/)
chdir(/home/huyhoang)
chdir(/home/huyhoang)
chdir(/home/huyhoang/.local/share/lunarvim/site/pack/lazy/opt/auto-session/lua/)
chdir(/home/huyhoang)
debug:  sessions_dir, session_file
debug:  ==== Using session DIR
debug:  ==== Session Name:
debug:  ==== is_readable 
chdir(/home/huyhoang)
chdir(/home/huyhoang/.local/share/nvim/sessions/)
chdir(/home/huyhoang)
line 0: sourcing "/home/huyhoang/.local/share/nvim/sessions/%home%huyhoang.vim"
Already only one tab page
Executing DirChangedPre Autocommands for "global"
autocommand <Lua 283: ~/.local/share/lunarvim/site/pack/lazy/opt/auto-session/lua/auto-session-autocmds.lua:17>

debug:  DirChangedPre
debug:    cwd: /home/huyhoang
debug:    target: ~
debug:    changed window: false
debug:    scope: global
debug:  ==== is_allowed_dirs_enabled
debug:  bypass_save_by_filetype: false
debug:  ==== SaveSession
chdir(/home/huyhoang)
debug:  Session saved at /home/huyhoang/.local/share/nvim/sessions/\%home\%huyhoang.vim
2 buffers deleted
chdir(/home/huyhoang)
[global] /home/huyhoang
Executing BufEnter Autocommands for "*"
autocommand if &nu && mode() != "i" | set rnu   | endif

Executing BufEnter Autocommands for "*"
autocommand sil call s:LocalBrowse(expand("<amatch>"))

Executing BufEnter Autocommands for "*"
autocommand call v:lua.require'lualine'.refresh({'kind': 'tabpage', 'place': ['statusline'], 'trigger': 'autocmd'})

Executing BufEnter Autocommands for "*"
autocommand lua require("project_nvim.project").on_buf_enter()

Executing BufWinEnter Autocommands for "*"
autocommand call s:Highlight_Matching_Pair()

Executing SessionLoadPost Autocommands for "*"
autocommand call v:lua.require'lualine'.refresh({'kind': 'tabpage', 'place': ['statusline'], 'trigger': 'autocmd'})

finished sourcing /home/huyhoang/.local/share/nvim/sessions/%home%huyhoang.vim
continuing in nvim_exec() called at VimEnter Autocommands for "*":0
info:  Session restored from /home/huyhoang/.local/share/nvim/sessions/\%home\%huyhoang.vim
Executing VimEnter Autocommands for "*"
autocommand sil call s:VimEnter(expand("<amatch>"))

chdir(/home/huyhoang)
chdir(git/nuxt-app/)
chdir(/home/huyhoang)
chdir(/home/huyhoang)
chdir(git/nuxt-app/)
chdir(/home/huyhoang)
Executing DirChangedPre Autocommands for "global"
autocommand <Lua 283: ~/.local/share/lunarvim/site/pack/lazy/opt/auto-session/lua/auto-session-autocmds.lua:17>

debug:  DirChangedPre
debug:    cwd: /home/huyhoang
debug:    target: /home/huyhoang/git/nuxt-app
debug:    changed window: false
debug:    scope: global
debug:  ==== is_allowed_dirs_enabled
debug:  bypass_save_by_filetype: false
debug:  ==== SaveSession
chdir(/home/huyhoang)
debug:  Session saved at /home/huyhoang/.local/share/nvim/sessions/\%home\%huyhoang.vim
chdir(/home/huyhoang/git/nuxt-app)

Executing DirChangedPre Autocommands for "global"
autocommand <Lua 283: ~/.local/share/lunarvim/site/pack/lazy/opt/auto-session/lua/auto-session-autocmds.lua:17>

debug:  DirChangedPre
debug:    cwd: /home/huyhoang/git
debug:    target: /home/huyhoang/git/nuxt-app
debug:    changed window: true
debug:    scope: global
chdir(/home/huyhoang/git/nuxt-app)
Executing DirChanged Autocommands for "*"
autocommand <Lua 346: ~/.local/share/lunarvim/site/pack/lazy/opt/nvim-tree.lua/lua/nvim-tree.lua:467>
Executing DirChangedPre Autocommands for "global"
autocommand <Lua 283: ~/.local/share/lunarvim/site/pack/lazy/opt/auto-session/lua/auto-session-autocmds.lua:17>

debug:  DirChangedPre
debug:    cwd: /home/huyhoang/git/nuxt-app
debug:    target: /home/huyhoang/git/vue-enterprise-boilerplate
debug:    changed window: false
debug:    scope: global
debug:  ==== is_allowed_dirs_enabled
debug:  bypass_save_by_filetype: false
debug:  ==== SaveSession
chdir(/home/huyhoang/git/nuxt-app)
debug:  Session saved at /home/huyhoang/.local/share/nvim/sessions/\%home\%huyhoang.vim
chdir(/home/huyhoang/git/nuxt-app)
chdir(/home/huyhoang/git/nuxt-app/)
chdir(/home/huyhoang/git/nuxt-app)
chdir(/home/huyhoang/git/nuxt-app)
chdir(/home/huyhoang/git/nuxt-app/)
chdir(/home/huyhoang/git/nuxt-app)
chdir(/home/huyhoang/git/nuxt-app)
chdir(/home/huyhoang/git/nuxt-app/)
chdir(/home/huyhoang/git/nuxt-app)
3 buffers deleted
chdir(/home/huyhoang/git/vue-enterprise-boilerplate)
Executing DirChanged Autocommands for "*"

Executing VimLeave Autocommands for "*"
autocommand call LuaAutoSaveSession()

debug:  ==== is_allowed_dirs_enabled
debug:  bypass_save_by_filetype: false
debug:  ==== SaveSession
chdir(/home/huyhoang/git/vue-enterprise-boilerplate)
debug:  Session saved at /home/huyhoang/.local/share/nvim/sessions/\%home\%huyhoang.vim
Executing VimLeave Autocommands for "*"

